<?xml version="1.0" encoding="UTF-8"?>
<!-- Generated by org.testng.reporters.JUnitReportReporter -->
<testsuite skipped="0" name="bookFlights.FlightBooking" tests="1" failures="0" timestamp="17 May 2022 06:24:06 GMT" time="32.418" errors="0">
  <testcase name="flightFromTo" time="32.418" classname="bookFlights.FlightBooking"/>
</testsuite> <!-- bookFlights.FlightBooking -->
